[debug] [2019-06-23T14:30:18.883Z] ----------------------------------------------------------------------
[debug] [2019-06-23T14:30:18.886Z] Command:       C:\Program Files\nodejs\node.exe C:\Program Files\nodejs\node_modules\firebase-tools\lib\bin\firebase.js init
[debug] [2019-06-23T14:30:18.886Z] CLI Version:   7.0.1
[debug] [2019-06-23T14:30:18.886Z] Platform:      win32
[debug] [2019-06-23T14:30:18.887Z] Node Version:  v10.15.1
[debug] [2019-06-23T14:30:18.888Z] Time:          Sun Jun 23 2019 21:30:18 GMT+0700 (Indochina Time)
[debug] [2019-06-23T14:30:18.888Z] ----------------------------------------------------------------------
[debug] 
[debug] [2019-06-23T14:30:18.898Z] > command requires scopes: ["email","openid","https://www.googleapis.com/auth/cloudplatformprojects.readonly","https://www.googleapis.com/auth/firebase","https://www.googleapis.com/auth/cloud-platform"]
[debug] [2019-06-23T14:30:18.899Z] > authorizing via signed-in user
[info] 
     ######## #### ########  ######## ########     ###     ######  ########
     ##        ##  ##     ## ##       ##     ##  ##   ##  ##       ##
     ######    ##  ########  ######   ########  #########  ######  ######
     ##        ##  ##    ##  ##       ##     ## ##     ##       ## ##
     ##       #### ##     ## ######## ########  ##     ##  ######  ########

You're about to initialize a Firebase project in this directory:

  C:\Users\FOOK\Desktop\gunter-main

[info] 
=== Project Setup
[info] 
[info] First, let's associate this project directory with a Firebase project.
[info] You can create multiple project aliases by running firebase use --add, 
[info] but for now we'll just set up a default project.
[info] 
[debug] [2019-06-23T14:30:32.817Z] > refreshing access token with scopes: ["email","https://www.googleapis.com/auth/cloud-platform","https://www.googleapis.com/auth/cloudplatformprojects.readonly","https://www.googleapis.com/auth/firebase","openid"]
[debug] [2019-06-23T14:30:32.817Z] >>> HTTP REQUEST POST https://www.googleapis.com/oauth2/v3/token  
 <request body omitted>
[debug] [2019-06-23T14:30:33.098Z] <<< HTTP RESPONSE 200
[debug] [2019-06-23T14:30:33.124Z] >>> HTTP REQUEST GET https://firebase.googleapis.com/v1beta1/projects?page_size=100  
 
[debug] [2019-06-23T14:30:33.775Z] <<< HTTP RESPONSE 200
[info] i  Using project resume-84e5e (resume)
[info] 
=== Hosting Setup
[info] 
[info] Your public directory is the folder (relative to your project directory) that
[info] will contain Hosting assets to be uploaded with firebase deploy. If you
[info] have a build process for your assets, use your build's output directory.
[info] 
